<?xml version="1.0" encoding="UTF-8"?>
<!-- Generated by org.testng.reporters.JUnitReportReporter -->
<testsuite hostname="Pratap" failures="0" tests="3" name="webSiteAuto.Assignment.UPSIAssignment" time="67.369" errors="0" timestamp="2024-06-18T12:17:32 IST" skipped="0">
  <testcase classname="webSiteAuto.Assignment.UPSIAssignment" name="Form" time="35.661"/>
  <testcase classname="webSiteAuto.Assignment.UPSIAssignment" name="UPSInavigation" time="21.817"/>
  <testcase classname="webSiteAuto.Assignment.UPSIAssignment" name="loginPage" time="9.891"/>
</testsuite> <!-- webSiteAuto.Assignment.UPSIAssignment -->
